[utilities.cloud.OSServer] <0> processCreateProject
[utilities.cloud.OSServer] <0> Request Url
[utilities.cloud.OSServer] <0> http://localhost:8080/projects.json
[utilities.cloud.OSServer] <0> Request Header
[utilities.cloud.OSServer] <0> Content-Type: application/json
[utilities.cloud.OSServer] <0> Content-Length: 167
[utilities.cloud.OSServer] <0> Reply Header
[utilities.cloud.OSServer] <0> Date: Sat, 07 Sep 2013 02:51:47 GMT
[utilities.cloud.OSServer] <0> Server: Apache
[utilities.cloud.OSServer] <0> X-UA-Compatible: IE=Edge
[utilities.cloud.OSServer] <0> ETag: "1adc8002687cfdd2ea1fcdcb10a73909"
[utilities.cloud.OSServer] <0> Cache-Control: max-age=0, private, must-revalidate
[utilities.cloud.OSServer] <0> X-Request-Id: ab8170247cf80744d7d6760632320399
[utilities.cloud.OSServer] <0> X-Runtime: 0.131161
[utilities.cloud.OSServer] <0> X-Powered-By: Phusion Passenger 4.0.8
[utilities.cloud.OSServer] <0> Set-Cookie: _openstudio-server_session=BAh7BkkiD3Nlc3Npb25faWQGOgZFVEkiJTc5MTg4OTlkNmI2OWUxNWIxNDFjNTViMTI4NzE0Yjk3BjsAVA%3D%3D--cb123c9b69739927c0640268b98a714d5f669b10; path=/; HttpOnly
[utilities.cloud.OSServer] <0> Location: http://localhost:8080/projects/020dcccc-f843-460d-850d-5fa67f739742
[utilities.cloud.OSServer] <0> Status: 201 Created
[utilities.cloud.OSServer] <0> Keep-Alive: timeout=5, max=100
[utilities.cloud.OSServer] <0> Connection: Keep-Alive
[utilities.cloud.OSServer] <0> Transfer-Encoding: chunked
[utilities.cloud.OSServer] <0> Content-Type: application/json; charset=utf-8
[utilities.cloud.OSServer] <0> Reply Body
[utilities.cloud.OSServer] <0> {"_id":"020dcccc-f843-460d-850d-5fa67f739742","created_at":"2013-09-07T02:51:48Z","name":"020dcccc-f843-460d-850d-5fa67f739742","updated_at":"2013-09-07T02:51:48Z","uuid":"020dcccc-f843-460d-850d-5fa67f739742"}
[utilities.cloud.OSServer] <0> processPostAnalysisJSON
[utilities.cloud.OSServer] <0> Request Url
[utilities.cloud.OSServer] <0> http://localhost:8080/projects/020dcccc-f843-460d-850d-5fa67f739742/analyses.json
[utilities.cloud.OSServer] <0> Request Header
[utilities.cloud.OSServer] <0> Content-Type: application/json
[utilities.cloud.OSServer] <0> Content-Length: 26708
[utilities.cloud.OSServer] <0> Cookie: _openstudio-server_session=BAh7BkkiD3Nlc3Npb25faWQGOgZFVEkiJTc5MTg4OTlkNmI2OWUxNWIxNDFjNTViMTI4NzE0Yjk3BjsAVA%3D%3D--cb123c9b69739927c0640268b98a714d5f669b10
[utilities.cloud.OSServer] <0> Reply Header
[utilities.cloud.OSServer] <0> Date: Sat, 07 Sep 2013 02:51:48 GMT
[utilities.cloud.OSServer] <0> Server: Apache
[utilities.cloud.OSServer] <0> X-UA-Compatible: IE=Edge
[utilities.cloud.OSServer] <0> ETag: "119dc392bc1b7df2ec438ce99353d869"
[utilities.cloud.OSServer] <0> Cache-Control: max-age=0, private, must-revalidate
[utilities.cloud.OSServer] <0> X-Request-Id: ee081774137c15df7b1e7d91af4b6625
[utilities.cloud.OSServer] <0> X-Runtime: 0.159310
[utilities.cloud.OSServer] <0> X-Powered-By: Phusion Passenger 4.0.8
[utilities.cloud.OSServer] <0> Set-Cookie: _openstudio-server_session=BAh7BkkiD3Nlc3Npb25faWQGOgZFVEkiJWMyYjk4YzQ1ODIyZDQyNGRlMGI5ZDA1NmFjNzcyYWVlBjsAVA%3D%3D--2aecea98626978b855f6193a317697dc069dcd09; path=/; HttpOnly
[utilities.cloud.OSServer] <0> Location: http://localhost:8080/analyses/a8feca85-dab9-4510-8610-651ef847781d
[utilities.cloud.OSServer] <0> Status: 201 Created
[utilities.cloud.OSServer] <0> Keep-Alive: timeout=5, max=99
[utilities.cloud.OSServer] <0> Connection: Keep-Alive
[utilities.cloud.OSServer] <0> Transfer-Encoding: chunked
[utilities.cloud.OSServer] <0> Content-Type: application/json; charset=utf-8
[utilities.cloud.OSServer] <0> Reply Body
[utilities.cloud.OSServer] <0> {"_id":"a8feca85-dab9-4510-8610-651ef847781d","created_at":"2013-09-07T02:51:48Z","data_points_are_invalid":false,"description":null,"display_name":"Simple Project Analysis","name":"Simple Project Analysis","problem":{"display_name":"Simple Project Problem","name":"Simple Project Problem","problem_type":"Problem","uuid":"412b1879-f0ee-4919-ab90-6ab642fd39ee","version_uuid":"131ea56b-31ce-4c2a-9535-ed770a6c6b11","workflow":[{"display_name":"Alternative Model","measures":[{"is_selected":true,"measure_group_index":0,"measure_type":"NullMeasure","uuid":"08fc4ef2-7be3-4912-8563-9c98be487e0b","version_uuid":"01ef8439-2835-402b-bc9b-1de24cf50f52"}],"name":"Alternative Model","uuid":"ae13cbfd-1be2-4185-aff3-8903f977fbd9","version_uuid":"22411eb9-2e9e-444c-90c6-4f94f5e5e65a","workflow_index":0,"workflow_step_type":"MeasureGroup"},{"display_name":"Rotate Building","measures":[{"is_selected":true,"measure_group_index":0,"measure_type":"NullMeasure","uuid":"53d4e18d-33d0-479f-8d27-8247e836572c","version_uuid":"31ea0014-7311-4973-a77c-6181edc650bb"},{"arguments":[{"argument_index":0,"default_value":90.0,"display_name":"Number of Degrees to Rotate Building (positive value is clockwise)","domain_type":"Interval","name":"relative_building_rotation","required":true,"type":"Double","uuid":"8e42df38-57c4-4952-8c64-a674647b2c70","version_uuid":"4a946a09-d9ce-41b6-a9f5-70ac716814e4"}],"bcl_measure_directory":"C:/working/openstudio-server/prototype/pat/PATTest/scripts/RotateBuilding","bcl_measure_uuid":"a5be6c96-4ecc-47fa-8d32-f4216ebc2e7d","bcl_measure_version_uuid":"be6f8bd7-67bf-4fc9-92f6-883f5f6a3295","description":"Rotate your building relative to its current orientation. This will not rotate site shading objects.","display_name":"Rotate Building 90 degrees","input_file_type":"OSM","is_selected":true,"is_user_script":false,"measure_group_index":1,"measure_type":"RubyMeasure","name":"Rotate Building 90 degrees","output_file_type":"OSM","uuid":"4839a263-d0a9-4037-93e6-b5d89bf7a659","version_uuid":"bc58ea56-bf10-41c0-8b92-d3676530b83c"},{"arguments":[{"argument_index":0,"default_value":90.0,"display_name":"Number of Degrees to Rotate Building (positive value is clockwise)","domain_type":"Interval","name":"relative_building_rotation","required":true,"type":"Double","uuid":"852ea37a-092d-4078-9370-e61dcefa5892","value":180.0,"version_uuid":"5cb48665-876d-416a-90cf-f4b136cd081f"}],"bcl_measure_directory":"C:/working/openstudio-server/prototype/pat/PATTest/scripts/RotateBuilding","bcl_measure_uuid":"a5be6c96-4ecc-47fa-8d32-f4216ebc2e7d","bcl_measure_version_uuid":"be6f8bd7-67bf-4fc9-92f6-883f5f6a3295","description":"Rotate your building relative to its current orientation. This will not rotate site shading objects.","display_name":"Rotate Building 180 degrees","input_file_type":"OSM","is_selected":true,"is_user_script":false,"measure_group_index":2,"measure_type":"RubyMeasure","name":"Rotate Building 180 degrees","output_file_type":"OSM","uuid":"b7832c17-bf4f-47be-9f32-3753e6b17b58","version_uuid":"2108c21b-4b7f-410f-88c1-0db59661f89f"},{"arguments":[{"argument_index":0,"default_value":90.0,"display_name":"Number of Degrees to Rotate Building (positive value is clockwise)","domain_type":"Interval","name":"relative_building_rotation","required":true,"type":"Double","uuid":"f68f5db7-a515-4ed8-bf4c-97edd31ea03b","value":270.0,"version_uuid":"337331d7-3c51-415a-b660-00d189d0aa69"}],"bcl_measure_directory":"C:/working/openstudio-server/prototype/pat/PATTest/scripts/RotateBuilding","bcl_measure_uuid":"a5be6c96-4ecc-47fa-8d32-f4216ebc2e7d","bcl_measure_version_uuid":"be6f8bd7-67bf-4fc9-92f6-883f5f6a3295","description":"Rotate your building relative to its current orientation. This will not rotate site shading objects.","display_name":"Rotate Building 270 degrees","input_file_type":"OSM","is_selected":true,"is_user_script":false,"measure_group_index":3,"measure_type":"RubyMeasure","name":"Rotate Building 270 degrees","output_file_type":"OSM","uuid":"9327dbd3-2c36-4a0d-94a2-ffb52b3e780d","version_uuid":"722207bc-76de-4876-b303-f6775439098e"}],"name":"Rotate Building","uuid":"05505496-bba2-49fc-9f86-5633ecafe0e5","version_uuid":"6e705e9b-8866-4731-bee7-654d72165053","workflow_index":1,"workflow_step_type":"MeasureGroup"},{"display_name":"Reduce Lighting Load","measures":[{"is_selected":true,"measure_group_index":0,"measure_type":"NullMeasure","uuid":"4c974e72-786c-4aa3-a4cc-bead43276d43","version_uuid":"19b51494-6257-42dd-a825-fcad61e8db6e"},{"arguments":[{"argument_index":0,"choices":[{"choice_index":0,"display_name":"ASHRAE 189.1-2009 ClimateZone 4-8 MediumOffice","value":"{f4de87b0-5d1b-454c-9fc8-3f5a824ee533}"},{"choice_index":1,"display_name":"*Entire Building*","value":"{08678ddd-175a-469b-9626-2f02c40b6916}"}],"default_value":"{08678ddd-175a-469b-9626-2f02c40b6916}","display_name":"Apply the Measure to a Specific Space Type or to the Entire Model","domain_type":"Enumeration","name":"space_type","required":true,"type":"Choice","uuid":"09988191-1cf8-4217-a790-062901ee9759","version_uuid":"64755dd1-bffd-40a9-b403-ee43d205d00c"},{"argument_index":1,"default_value":30.0,"display_name":"Electric Equipment Power Reduction Percentage","domain_type":"Interval","name":"reduction_percent","required":true,"type":"Double","uuid":"29580d94-43b3-4881-96e4-935fa140bcf6","version_uuid":"0255c23a-4b07-4d05-a8a3-b093ef60880e"},{"argument_index":2,"default_value":150.0,"display_name":"Increase in Material and Installation Cost for Lighting per Floor Area (%).","domain_type":"Interval","name":"material_and_installation_cost","required":true,"type":"Double","uuid":"cab7d382-da06-4c27-89e2-fff8f7e72a6e","version_uuid":"3e6021f1-a1a5-4916-a345-b07b242c109f"},{"argument_index":3,"default_value":0.0,"display_name":"Increase in Demolition Costs for Lighting per Floor Area (%).","domain_type":"Interval","name":"demolition_cost","required":true,"type":"Double","uuid":"037842b8-bab0-4cd8-a04b-64a058f6b01b","version_uuid":"3e57d80e-3e75-4dfe-b5dd-505daaadca3c"},{"argument_index":4,"default_value":0,"display_name":"Years Until Costs Start (whole years).","domain_type":"Interval","name":"years_until_costs_start","required":true,"type":"Integer","uuid":"8ac455af-d9fa-48ba-a5ba-7bcff102d845","version_uuid":"0ae73332-15d6-417c-accb-04b6bff0d1fb"},{"argument_index":5,"default_value":"false","display_name":"Demolition Costs Occur During Initial Construction?","domain_type":"Enumeration","name":"initial_demo_costs","required":true,"type":"Boolean","uuid":"31091352-bbae-4ac1-b0b3-97e1445ed406","version_uuid":"83d62985-0a25-4fa7-a29d-dcfa915bd01b"},{"argument_index":6,"default_value":15,"display_name":"Expected Life (whole years)","domain_type":"Interval","name":"expected_life","required":true,"type":"Integer","uuid":"d7310c71-493c-486f-b9b7-e6eaf38f7603","version_uuid":"6297f50b-0fee-49be-9133-2155de03e0b1"},{"argument_index":7,"default_value":0.0,"display_name":"Increase O & M Costs for Lighting per Floor Area (%).","domain_type":"Interval","name":"om_cost","required":true,"type":"Double","uuid":"b7ef0571-db39-41c8-b2b6-bf511282381d","version_uuid":"01ee4d9b-aa91-434a-a967-9a00562a065b"},{"argument_index":8,"default_value":1,"display_name":"O & M Frequency (whole years).","domain_type":"Interval","name":"om_frequency","required":true,"type":"Integer","uuid":"a413b48f-7031-43a8-b4c2-0d38c7145d3b","version_uuid":"7658be79-7a01-466d-85e9-ad2b15224708"}],"bcl_measure_directory":"C:/working/openstudio-server/prototype/pat/PATTest/scripts/ReduceLightingLoadsByPercentage","bcl_measure_uuid":"d37b7ed5-887a-4d1f-b304-259462eadbe9","bcl_measure_version_uuid":"004b78a5-0d5e-4e7b-aa26-f0ce9c72e109","description":"The lighting system in this building uses more power per area than is required with the latest lighting technologies.  Replace the lighting system with a newer, more efficient lighting technology.  Newer technologies provide the same amount of light but use less energy in the process.","display_name":"Reduce Lighting Load By 30 percent","input_file_type":"OSM","is_selected":true,"is_user_script":false,"measure_group_index":1,"measure_type":"RubyMeasure","name":"Reduce Lighting Load By 30 percent","output_file_type":"OSM","uuid":"883ebc58-845f-4708-81b2-0930d9cf22e0","version_uuid":"8725b62f-967a-4c0a-a377-c5a3e68c5295"},{"arguments":[{"argument_index":0,"choices":[{"choice_index":0,"display_name":"ASHRAE 189.1-2009 ClimateZone 4-8 MediumOffice","value":"{f4de87b0-5d1b-454c-9fc8-3f5a824ee533}"},{"choice_index":1,"display_name":"*Entire Building*","value":"{08678ddd-175a-469b-9626-2f02c40b6916}"}],"default_value":"{08678ddd-175a-469b-9626-2f02c40b6916}","display_name":"Apply the Measure to a Specific Space Type or to the Entire Model","domain_type":"Enumeration","name":"space_type","required":true,"type":"Choice","uuid":"07c72605-d097-4c92-a5b4-1e999f49e20d","version_uuid":"a6722a6d-1295-4f73-a824-7a1c88aa3856"},{"argument_index":1,"default_value":30.0,"display_name":"Electric Equipment Power Reduction Percentage","domain_type":"Interval","name":"reduction_percent","required":true,"type":"Double","uuid":"a21781f1-8d34-46a2-8cf4-0fcce91663ae","version_uuid":"9c433187-96ee-4a8d-b3f4-9f2c1d66848a"},{"argument_index":2,"default_value":150.0,"display_name":"Increase in Material and Installation Cost for Lighting per Floor Area (%).","domain_type":"Interval","name":"material_and_installation_cost","required":true,"type":"Double","uuid":"d9ad0b79-b0d7-443a-b91d-28f15332c8c4","version_uuid":"91c24b45-e04a-443c-ab27-777bcebc3699"},{"argument_index":3,"default_value":0.0,"display_name":"Increase in Demolition Costs for Lighting per Floor Area (%).","domain_type":"Interval","name":"demolition_cost","required":true,"type":"Double","uuid":"460e9734-02be-4418-a5d2-b2ce0a401534","version_uuid":"bdefed2e-af4b-44c8-a085-d4dfe67ef017"},{"argument_index":4,"default_value":0,"display_name":"Years Until Costs Start (whole years).","domain_type":"Interval","name":"years_until_costs_start","required":true,"type":"Integer","uuid":"75289e65-14ba-4e5b-81ea-ed0ed4bfd7fc","version_uuid":"2010c4cf-8be3-438b-8375-134d7fc31eaa"},{"argument_index":5,"default_value":"false","display_name":"Demolition Costs Occur During Initial Construction?","domain_type":"Enumeration","name":"initial_demo_costs","required":true,"type":"Boolean","uuid":"c52b9604-398d-42e2-a931-6052ead9ce2c","version_uuid":"8828ce47-b3d5-43bd-9be2-3f83b9897ce0"},{"argument_index":6,"default_value":15,"display_name":"Expected Life (whole years)","domain_type":"Interval","name":"expected_life","required":true,"type":"Integer","uuid":"5d9db3fc-26e7-4d27-b6e8-442f01f50402","version_uuid":"5ac4c97b-3f37-4c71-aa9f-411269710405"},{"argument_index":7,"default_value":0.0,"display_name":"Increase O & M Costs for Lighting per Floor Area (%).","domain_type":"Interval","name":"om_cost","required":true,"type":"Double","uuid":"5059ecb2-c97c-4498-ac0d-266c5b85bdcc","version_uuid":"372ece8b-63ea-430a-966f-97ea3f655875"},{"argument_index":8,"default_value":1,"display_name":"O & M Frequency (whole years).","domain_type":"Interval","name":"om_frequency","required":true,"type":"Integer","uuid":"e83b59dd-fe54-4fb6-9fca-1da2bda52955","version_uuid":"dc1e0562-9bb7-494e-afe4-8081ef8f5754"}],"bcl_measure_directory":"C:/working/openstudio-server/prototype/pat/PATTest/scripts/ReduceLightingLoadsByPercentage","bcl_measure_uuid":"d37b7ed5-887a-4d1f-b304-259462eadbe9","bcl_measure_version_uuid":"004b78a5-0d5e-4e7b-aa26-f0ce9c72e109","description":"The lighting system in this building uses more power per area than is required with the latest lighting technologies.  Replace the lighting system with a newer, more efficient lighting technology.  Newer technologies provide the same amount of light but use less energy in the process.","display_name":"Reduce Lighting Load By 50 percent","input_file_type":"OSM","is_selected":true,"is_user_script":false,"measure_group_index":2,"measure_type":"RubyMeasure","name":"Reduce Lighting Load By 50 percent","output_file_type":"OSM","uuid":"3bad6d70-9cc6-4f1d-a98f-b69a59d994bf","version_uuid":"c44b1ceb-8d25-4f58-ac0f-e2a8835d99d4"}],"name":"Reduce Lighting Load","uuid":"5ba3c9b4-2f5d-4792-9ef7-569108649aa2","version_uuid":"ab3d31b0-9c9a-4a06-a88f-70438e6743db","workflow_index":2,"workflow_step_type":"MeasureGroup"},{"params":[{"param":{"children":[{"param":{"value":""},"param_index":0}],"value":"workflowjobkey"},"param_index":0},{"param":{"children":[{"param":{"value":"9d4864298980faebecd100777216acb2"},"param_index":0}],"value":"workflowkey"},"param_index":1}],"type":"ModelToIdf","workflow_index":3,"workflow_step_type":"WorkItem"},{"params":[{"param":{"children":[{"param":{"value":""},"param_index":0}],"value":"workflowjobkey"},"param_index":0}],"type":"ExpandObjects","workflow_index":4,"workflow_step_type":"WorkItem"},{"display_name":"Xcel EDA Tariff Selection and Model Setup Group","measures":[{"arguments":[{"argument_index":0,"choices":[{"choice_index":0,"display_name":"Residential General","value":"Residential General"},{"choice_index":1,"display_name":"Commercial","value":"Commercial"},{"choice_index":2,"display_name":"Primary General","value":"Primary General"},{"choice_index":3,"display_name":"Secondary General Low Load Factor","value":"Secondary General Low Load Factor"},{"choice_index":4,"display_name":"Secondary General","value":"Secondary General"},{"choice_index":5,"display_name":"Secondary Photovoltaic Time-of-Use","value":"Secondary Photovoltaic Time-of-Use"},{"choice_index":6,"display_name":"Transmission General","value":"Transmission General"},{"choice_index":7,"display_name":"Non-Xcel Commercial","value":"Non-Xcel Commercial"},{"choice_index":8,"display_name":"Non-Xcel Primary General","value":"Non-Xcel Primary General"},{"choice_index":9,"display_name":"Non-Xcel Secondary General Low Load Factor","value":"Non-Xcel Secondary General Low Load Factor"},{"choice_index":10,"display_name":"Non-Xcel Secondary General","value":"Non-Xcel Secondary General"},{"choice_index":11,"display_name":"Non-Xcel Transmission General","value":"Non-Xcel Transmission General"}],"default_value":"Secondary General","display_name":"Select an Electricity Tariff","domain_type":"Enumeration","name":"elec_tar","required":true,"type":"Choice","uuid":"f1cc663e-6971-4f4c-b8bc-fc34752c3ad1","version_uuid":"d8058e12-b342-4992-a641-4a53f95ea3ee"},{"argument_index":1,"choices":[{"choice_index":0,"display_name":"Residential Gas","value":"Residential Gas"},{"choice_index":1,"display_name":"Small CG","value":"Small CG"},{"choice_index":2,"display_name":"Large CG","value":"Large CG"},{"choice_index":3,"display_name":"Interruptible Industrial G","value":"Interruptible Industrial G"},{"choice_index":4,"display_name":"Non-Xcel Gas Firm","value":"Non-Xcel Gas Firm"},{"choice_index":5,"display_name":"Non-Xcel Gas Interruptible","value":"Non-Xcel Gas Interruptible"}],"default_value":"Large CG","display_name":"Select a Gas Tariff","domain_type":"Enumeration","name":"gas_tar","required":true,"type":"Choice","uuid":"cdbc59cd-8699-4516-8480-a17dbc546858","version_uuid":"a92f8fde-c3bd-4adb-8929-0287478813a6"}],"bcl_measure_directory":"C:/working/openstudio-server/prototype/pat/PATTest/scripts/XcelEDATariffSelectionandModelSetup","bcl_measure_uuid":"c5ab60e9-b8e5-4653-a502-5ed030f1335d","bcl_measure_version_uuid":"4784fdcf-05e0-46da-a678-9290be9bc3ee","description":"Add the selected Xcel utility rate, as well as set the timestep and lifecycle costing parameters as required by the Xcel EDA program.","display_name":"Xcel EDA Tariff Selection and Model Setup","input_file_type":"IDF","is_selected":true,"is_user_script":false,"measure_group_index":0,"measure_type":"RubyMeasure","name":"Xcel EDA Tariff Selection and Model Setup","output_file_type":"IDF","uuid":"6dc40350-47bd-4612-baa1-4cf439d5f6d7","version_uuid":"2146c0de-509c-468b-b03d-1773f18f1b0d"}],"name":"Xcel EDA Tariff Selection and Model Setup Group","uuid":"e0fe48c7-d80b-4e5f-83a8-c1e9d69e8ce7","version_uuid":"f3e4836e-abe7-43e1-9e7c-37796ff52eb5","workflow_index":5,"workflow_step_type":"MeasureGroup"},{"params":[{"param":{"children":[{"param":{"value":""},"param_index":0}],"value":"workflowjobkey"},"param_index":0},{"param":{"children":[{"param":{"value":"d70bd3cbf4894eb54cf62b51bb88c560"},"param_index":0}],"value":"workflowkey"},"param_index":1}],"type":"EnergyPlusPreProcess","workflow_index":6,"workflow_step_type":"WorkItem"},{"params":[{"param":{"children":[{"param":{"value":""},"param_index":0}],"value":"workflowjobkey"},"param_index":0}],"type":"EnergyPlus","workflow_index":7,"workflow_step_type":"WorkItem"},{"params":[{"param":{"children":[{"param":{"value":""},"param_index":0}],"value":"workflowjobkey"},"param_index":0}],"type":"OpenStudioPostProcess","workflow_index":8,"workflow_step_type":"WorkItem"}]},"project_id":"020dcccc-f843-460d-850d-5fa67f739742","results_are_invalid":false,"seed":{"checksum_create":"2EDE1A05","checksum_last":"2EDE1A05","display_name":"seed","file_type":"OSM","name":"C:/working/openstudio-server/prototype/pat/PATTest/seed/seed.osm","path":"C:/working/openstudio-server/prototype/pat/PATTest/seed/seed.osm","timestamp_create":"20130716T144225","timestamp_last":"20130905T125813","uuid":"e105d3df-8259-4257-a89c-f31cd7a62e52","version_uuid":"baa64a55-f92d-4fab-bafd-00b39629b825"},"seed_zip_content_type":null,"seed_zip_file_name":null,"seed_zip_file_size":null,"seed_zip_updated_at":null,"status":null,"updated_at":"2013-09-07T02:51:48Z","uuid":"a8feca85-dab9-4510-8610-651ef847781d","version_uuid":"ada30015-5c86-4289-84ac-af42a1e124c4","weather_file":{"checksum_create":"72673005","checksum_last":"72673005","display_name":"USA_CO_Golden-NREL.724666_TMY3","file_type":"EPW","name":"C:/working/openstudio-server/prototype/pat/PATTest/seed/seed/files/USA_CO_Golden-NREL.724666_TMY3.epw","path":"C:/working/openstudio-server/prototype/pat/PATTest/seed/seed/files/USA_CO_Golden-NREL.724666_TMY3.epw","timestamp_create":"20130716T144225","timestamp_last":"20130905T125813","uuid":"9a6a9a9e-0cc6-4396-8373-d1736300a006","version_uuid":"04c74274-59a4-4eb6-a4a0-293b7aab88bc"}}
[utilities.cloud.OSServer] <0> processPostDataPointJSON
[utilities.cloud.OSServer] <0> Request Url
[utilities.cloud.OSServer] <0> http://localhost:8080/analyses/a8feca85-dab9-4510-8610-651ef847781d/data_points.json
[utilities.cloud.OSServer] <0> Request Header
[utilities.cloud.OSServer] <0> Content-Type: application/json
[utilities.cloud.OSServer] <0> Content-Length: 1566
[utilities.cloud.OSServer] <0> Cookie: _openstudio-server_session=BAh7BkkiD3Nlc3Npb25faWQGOgZFVEkiJWMyYjk4YzQ1ODIyZDQyNGRlMGI5ZDA1NmFjNzcyYWVlBjsAVA%3D%3D--2aecea98626978b855f6193a317697dc069dcd09
[utilities.cloud.OSServer] <0> Reply Header
[utilities.cloud.OSServer] <0> Date: Sat, 07 Sep 2013 02:51:54 GMT
[utilities.cloud.OSServer] <0> Server: Apache
[utilities.cloud.OSServer] <0> X-UA-Compatible: IE=Edge
[utilities.cloud.OSServer] <0> ETag: "c3faaaac836d5f0c232dc6fb5f0a64bc"
[utilities.cloud.OSServer] <0> Cache-Control: max-age=0, private, must-revalidate
[utilities.cloud.OSServer] <0> X-Request-Id: 1c87314a5f2353020e273aee9daf0777
[utilities.cloud.OSServer] <0> X-Runtime: 0.126747
[utilities.cloud.OSServer] <0> X-Powered-By: Phusion Passenger 4.0.8
[utilities.cloud.OSServer] <0> Set-Cookie: _openstudio-server_session=BAh7BkkiD3Nlc3Npb25faWQGOgZFVEkiJWU1OGQ3MmIzMjAxZjFhODAwMTJlZTQ1ZGQxMTMyYmZhBjsAVA%3D%3D--b37c309f4193a754e17cef5a427bf0453357e1aa; path=/; HttpOnly
[utilities.cloud.OSServer] <0> Location: http://localhost:8080/data_points/5a7fff78-ed60-45ed-8814-291475333b02
[utilities.cloud.OSServer] <0> Status: 201 Created
[utilities.cloud.OSServer] <0> Keep-Alive: timeout=5, max=100
[utilities.cloud.OSServer] <0> Connection: Keep-Alive
[utilities.cloud.OSServer] <0> Transfer-Encoding: chunked
[utilities.cloud.OSServer] <0> Content-Type: application/json; charset=utf-8
[utilities.cloud.OSServer] <0> Reply Body
[utilities.cloud.OSServer] <0> {"_id":"5a7fff78-ed60-45ed-8814-291475333b02","analysis_id":"a8feca85-dab9-4510-8610-651ef847781d","analysis_uuid":"a8feca85-dab9-4510-8610-651ef847781d","complete":false,"created_at":"2013-09-07T02:51:54Z","data_point_type":"DataPoint","display_name":"Baseline","failed":false,"ip_address":null,"name":"Baseline","problem_uuid":"412b1879-f0ee-4919-ab90-6ab642fd39ee","run_type":"Local","selected":true,"updated_at":"2013-09-07T02:51:54Z","uuid":"5a7fff78-ed60-45ed-8814-291475333b02","values":null,"variable_values":[{"value":0,"value_type":"int","variable_value_index":0},{"value":0,"value_type":"int","variable_value_index":1},{"value":0,"value_type":"int","variable_value_index":2},{"value":0,"value_type":"int","variable_value_index":3}],"version_uuid":"906ee92f-f9d8-4b45-bfbd-8b2db2333310"}
[utilities.cloud.OSServer] <0> processPostDataPointJSON
[utilities.cloud.OSServer] <0> Request Url
[utilities.cloud.OSServer] <0> http://localhost:8080/analyses/a8feca85-dab9-4510-8610-651ef847781d/data_points.json
[utilities.cloud.OSServer] <0> Request Header
[utilities.cloud.OSServer] <0> Content-Type: application/json
[utilities.cloud.OSServer] <0> Content-Length: 1658
[utilities.cloud.OSServer] <0> Cookie: _openstudio-server_session=BAh7BkkiD3Nlc3Npb25faWQGOgZFVEkiJWU1OGQ3MmIzMjAxZjFhODAwMTJlZTQ1ZGQxMTMyYmZhBjsAVA%3D%3D--b37c309f4193a754e17cef5a427bf0453357e1aa
[utilities.cloud.OSServer] <0> Reply Header
[utilities.cloud.OSServer] <0> Date: Sat, 07 Sep 2013 02:51:54 GMT
[utilities.cloud.OSServer] <0> Server: Apache
[utilities.cloud.OSServer] <0> X-UA-Compatible: IE=Edge
[utilities.cloud.OSServer] <0> ETag: "1c248171fb47fbbf32d10b075aadf28d"
[utilities.cloud.OSServer] <0> Cache-Control: max-age=0, private, must-revalidate
[utilities.cloud.OSServer] <0> X-Request-Id: 209cbb41d1ca3282941470882d5b3175
[utilities.cloud.OSServer] <0> X-Runtime: 0.139189
[utilities.cloud.OSServer] <0> X-Powered-By: Phusion Passenger 4.0.8
[utilities.cloud.OSServer] <0> Set-Cookie: _openstudio-server_session=BAh7BkkiD3Nlc3Npb25faWQGOgZFVEkiJTdiZDAyOGMyMzI1NjA2YTVjMmUwODU3Njc2MWFkY2FmBjsAVA%3D%3D--6e49db5df553e372a0ee4183dc7291015ff91854; path=/; HttpOnly
[utilities.cloud.OSServer] <0> Location: http://localhost:8080/data_points/2ef91856-ea59-4c46-b9da-052d79e2b1fe
[utilities.cloud.OSServer] <0> Status: 201 Created
[utilities.cloud.OSServer] <0> Keep-Alive: timeout=5, max=99
[utilities.cloud.OSServer] <0> Connection: Keep-Alive
[utilities.cloud.OSServer] <0> Transfer-Encoding: chunked
[utilities.cloud.OSServer] <0> Content-Type: application/json; charset=utf-8
[utilities.cloud.OSServer] <0> Reply Body
[utilities.cloud.OSServer] <0> {"_id":"2ef91856-ea59-4c46-b9da-052d79e2b1fe","analysis_id":"a8feca85-dab9-4510-8610-651ef847781d","analysis_uuid":"a8feca85-dab9-4510-8610-651ef847781d","complete":false,"created_at":"2013-09-07T02:51:55Z","data_point_type":"DataPoint","display_name":"Rotate Building 90 degrees Only","failed":false,"ip_address":null,"name":"Rotate Building 90 degrees Only","problem_uuid":"412b1879-f0ee-4919-ab90-6ab642fd39ee","run_type":"Local","selected":true,"updated_at":"2013-09-07T02:51:55Z","uuid":"2ef91856-ea59-4c46-b9da-052d79e2b1fe","values":null,"variable_values":[{"value":0,"value_type":"int","variable_value_index":0},{"value":1,"value_type":"int","variable_value_index":1},{"value":0,"value_type":"int","variable_value_index":2},{"value":0,"value_type":"int","variable_value_index":3}],"version_uuid":"a29d4658-6553-4ada-9dc0-b1ae9b8f4a49"}
[utilities.cloud.OSServer] <0> processPostDataPointJSON
[utilities.cloud.OSServer] <0> Request Url
[utilities.cloud.OSServer] <0> http://localhost:8080/analyses/a8feca85-dab9-4510-8610-651ef847781d/data_points.json
[utilities.cloud.OSServer] <0> Request Header
[utilities.cloud.OSServer] <0> Content-Type: application/json
[utilities.cloud.OSServer] <0> Content-Length: 1662
[utilities.cloud.OSServer] <0> Cookie: _openstudio-server_session=BAh7BkkiD3Nlc3Npb25faWQGOgZFVEkiJTdiZDAyOGMyMzI1NjA2YTVjMmUwODU3Njc2MWFkY2FmBjsAVA%3D%3D--6e49db5df553e372a0ee4183dc7291015ff91854
[utilities.cloud.OSServer] <0> Reply Header
[utilities.cloud.OSServer] <0> Date: Sat, 07 Sep 2013 02:51:55 GMT
[utilities.cloud.OSServer] <0> Server: Apache
[utilities.cloud.OSServer] <0> X-UA-Compatible: IE=Edge
[utilities.cloud.OSServer] <0> ETag: "1b298831aa45ff66b00b8cae7a8b575f"
[utilities.cloud.OSServer] <0> Cache-Control: max-age=0, private, must-revalidate
[utilities.cloud.OSServer] <0> X-Request-Id: 220e2f21b004da0b94d3bf8858fe94b2
[utilities.cloud.OSServer] <0> X-Runtime: 0.125589
[utilities.cloud.OSServer] <0> X-Powered-By: Phusion Passenger 4.0.8
[utilities.cloud.OSServer] <0> Set-Cookie: _openstudio-server_session=BAh7BkkiD3Nlc3Npb25faWQGOgZFVEkiJTU1MmE4OWFkNDk3YjcxNzg3NjhjMTAzYmEyMWMwY2JjBjsAVA%3D%3D--b708b320c89a57ffb70254e40177004d10ffc666; path=/; HttpOnly
[utilities.cloud.OSServer] <0> Location: http://localhost:8080/data_points/cfb77228-76cc-4f5e-beaa-6652600ad79e
[utilities.cloud.OSServer] <0> Status: 201 Created
[utilities.cloud.OSServer] <0> Keep-Alive: timeout=5, max=98
[utilities.cloud.OSServer] <0> Connection: Keep-Alive
[utilities.cloud.OSServer] <0> Transfer-Encoding: chunked
[utilities.cloud.OSServer] <0> Content-Type: application/json; charset=utf-8
[utilities.cloud.OSServer] <0> Reply Body
[utilities.cloud.OSServer] <0> {"_id":"cfb77228-76cc-4f5e-beaa-6652600ad79e","analysis_id":"a8feca85-dab9-4510-8610-651ef847781d","analysis_uuid":"a8feca85-dab9-4510-8610-651ef847781d","complete":false,"created_at":"2013-09-07T02:51:55Z","data_point_type":"DataPoint","display_name":"Rotate Building 180 degrees Only","failed":false,"ip_address":null,"name":"Rotate Building 180 degrees Only","problem_uuid":"412b1879-f0ee-4919-ab90-6ab642fd39ee","run_type":"Local","selected":true,"updated_at":"2013-09-07T02:51:55Z","uuid":"cfb77228-76cc-4f5e-beaa-6652600ad79e","values":null,"variable_values":[{"value":0,"value_type":"int","variable_value_index":0},{"value":2,"value_type":"int","variable_value_index":1},{"value":0,"value_type":"int","variable_value_index":2},{"value":0,"value_type":"int","variable_value_index":3}],"version_uuid":"00ea4b6b-aff1-4058-abc0-53499e347684"}
[utilities.cloud.OSServer] <0> processPostDataPointJSON
[utilities.cloud.OSServer] <0> Request Url
[utilities.cloud.OSServer] <0> http://localhost:8080/analyses/a8feca85-dab9-4510-8610-651ef847781d/data_points.json
[utilities.cloud.OSServer] <0> Request Header
[utilities.cloud.OSServer] <0> Content-Type: application/json
[utilities.cloud.OSServer] <0> Content-Length: 1662
[utilities.cloud.OSServer] <0> Cookie: _openstudio-server_session=BAh7BkkiD3Nlc3Npb25faWQGOgZFVEkiJTU1MmE4OWFkNDk3YjcxNzg3NjhjMTAzYmEyMWMwY2JjBjsAVA%3D%3D--b708b320c89a57ffb70254e40177004d10ffc666
[utilities.cloud.OSServer] <0> Reply Header
[utilities.cloud.OSServer] <0> Date: Sat, 07 Sep 2013 02:51:56 GMT
[utilities.cloud.OSServer] <0> Server: Apache
[utilities.cloud.OSServer] <0> X-UA-Compatible: IE=Edge
[utilities.cloud.OSServer] <0> ETag: "f3ad19aa0e029fdab5e447f118f389b0"
[utilities.cloud.OSServer] <0> Cache-Control: max-age=0, private, must-revalidate
[utilities.cloud.OSServer] <0> X-Request-Id: 58139acf5515fe6303bba2640f50782e
[utilities.cloud.OSServer] <0> X-Runtime: 0.129412
[utilities.cloud.OSServer] <0> X-Powered-By: Phusion Passenger 4.0.8
[utilities.cloud.OSServer] <0> Set-Cookie: _openstudio-server_session=BAh7BkkiD3Nlc3Npb25faWQGOgZFVEkiJTJmMTJjZmYxNjFiOTk3ZjQ2ODk2ZTI4N2U2N2ZkYjkxBjsAVA%3D%3D--a17e1b64a08ece574d4915b517b94ebc91d0ac9f; path=/; HttpOnly
[utilities.cloud.OSServer] <0> Location: http://localhost:8080/data_points/94134184-a026-42d5-9c6d-dd802e935e37
[utilities.cloud.OSServer] <0> Status: 201 Created
[utilities.cloud.OSServer] <0> Keep-Alive: timeout=5, max=97
[utilities.cloud.OSServer] <0> Connection: Keep-Alive
[utilities.cloud.OSServer] <0> Transfer-Encoding: chunked
[utilities.cloud.OSServer] <0> Content-Type: application/json; charset=utf-8
[utilities.cloud.OSServer] <0> Reply Body
[utilities.cloud.OSServer] <0> {"_id":"94134184-a026-42d5-9c6d-dd802e935e37","analysis_id":"a8feca85-dab9-4510-8610-651ef847781d","analysis_uuid":"a8feca85-dab9-4510-8610-651ef847781d","complete":false,"created_at":"2013-09-07T02:51:56Z","data_point_type":"DataPoint","display_name":"Rotate Building 270 degrees Only","failed":false,"ip_address":null,"name":"Rotate Building 270 degrees Only","problem_uuid":"412b1879-f0ee-4919-ab90-6ab642fd39ee","run_type":"Local","selected":true,"updated_at":"2013-09-07T02:51:56Z","uuid":"94134184-a026-42d5-9c6d-dd802e935e37","values":null,"variable_values":[{"value":0,"value_type":"int","variable_value_index":0},{"value":3,"value_type":"int","variable_value_index":1},{"value":0,"value_type":"int","variable_value_index":2},{"value":0,"value_type":"int","variable_value_index":3}],"version_uuid":"e53c7f19-6e46-4b99-a248-f43f99897c8e"}
[utilities.cloud.OSServer] <0> processPostDataPointJSON
[utilities.cloud.OSServer] <0> Request Url
[utilities.cloud.OSServer] <0> http://localhost:8080/analyses/a8feca85-dab9-4510-8610-651ef847781d/data_points.json
[utilities.cloud.OSServer] <0> Request Header
[utilities.cloud.OSServer] <0> Content-Type: application/json
[utilities.cloud.OSServer] <0> Content-Length: 1690
[utilities.cloud.OSServer] <0> Cookie: _openstudio-server_session=BAh7BkkiD3Nlc3Npb25faWQGOgZFVEkiJTJmMTJjZmYxNjFiOTk3ZjQ2ODk2ZTI4N2U2N2ZkYjkxBjsAVA%3D%3D--a17e1b64a08ece574d4915b517b94ebc91d0ac9f
[utilities.cloud.OSServer] <0> Reply Header
[utilities.cloud.OSServer] <0> Date: Sat, 07 Sep 2013 02:51:57 GMT
[utilities.cloud.OSServer] <0> Server: Apache
[utilities.cloud.OSServer] <0> X-UA-Compatible: IE=Edge
[utilities.cloud.OSServer] <0> ETag: "d4793816301ea4a54fa5eebe0f658708"
[utilities.cloud.OSServer] <0> Cache-Control: max-age=0, private, must-revalidate
[utilities.cloud.OSServer] <0> X-Request-Id: 8c718211633c35930ca432da27d3b097
[utilities.cloud.OSServer] <0> X-Runtime: 0.123496
[utilities.cloud.OSServer] <0> X-Powered-By: Phusion Passenger 4.0.8
[utilities.cloud.OSServer] <0> Set-Cookie: _openstudio-server_session=BAh7BkkiD3Nlc3Npb25faWQGOgZFVEkiJTE3MmNmYTg1ZTI3MDg1MWM5YzdmZDIwMDM3Yjk0Y2NkBjsAVA%3D%3D--bf838d5d467362d8fd1262d869273b12a2b0565e; path=/; HttpOnly
[utilities.cloud.OSServer] <0> Location: http://localhost:8080/data_points/1b961e88-358d-4aeb-b14f-b9509f5b6018
[utilities.cloud.OSServer] <0> Status: 201 Created
[utilities.cloud.OSServer] <0> Keep-Alive: timeout=5, max=96
[utilities.cloud.OSServer] <0> Connection: Keep-Alive
[utilities.cloud.OSServer] <0> Transfer-Encoding: chunked
[utilities.cloud.OSServer] <0> Content-Type: application/json; charset=utf-8
[utilities.cloud.OSServer] <0> Reply Body
[utilities.cloud.OSServer] <0> {"_id":"1b961e88-358d-4aeb-b14f-b9509f5b6018","analysis_id":"a8feca85-dab9-4510-8610-651ef847781d","analysis_uuid":"a8feca85-dab9-4510-8610-651ef847781d","complete":false,"created_at":"2013-09-07T02:51:57Z","data_point_type":"DataPoint","display_name":"Reduce Lighting Load By 30 percent Only","failed":false,"ip_address":null,"name":"Reduce Lighting Load By 30 percent Only","problem_uuid":"412b1879-f0ee-4919-ab90-6ab642fd39ee","run_type":"Local","selected":true,"updated_at":"2013-09-07T02:51:57Z","uuid":"1b961e88-358d-4aeb-b14f-b9509f5b6018","values":null,"variable_values":[{"value":0,"value_type":"int","variable_value_index":0},{"value":0,"value_type":"int","variable_value_index":1},{"value":1,"value_type":"int","variable_value_index":2},{"value":0,"value_type":"int","variable_value_index":3}],"version_uuid":"6fbad736-b7b5-4489-869c-1cd0a3bb2ea4"}
[utilities.cloud.OSServer] <0> processPostDataPointJSON
[utilities.cloud.OSServer] <0> Request Url
[utilities.cloud.OSServer] <0> http://localhost:8080/analyses/a8feca85-dab9-4510-8610-651ef847781d/data_points.json
[utilities.cloud.OSServer] <0> Request Header
[utilities.cloud.OSServer] <0> Content-Type: application/json
[utilities.cloud.OSServer] <0> Content-Length: 1690
[utilities.cloud.OSServer] <0> Cookie: _openstudio-server_session=BAh7BkkiD3Nlc3Npb25faWQGOgZFVEkiJTE3MmNmYTg1ZTI3MDg1MWM5YzdmZDIwMDM3Yjk0Y2NkBjsAVA%3D%3D--bf838d5d467362d8fd1262d869273b12a2b0565e
[utilities.cloud.OSServer] <0> Reply Header
[utilities.cloud.OSServer] <0> Date: Sat, 07 Sep 2013 02:51:58 GMT
[utilities.cloud.OSServer] <0> Server: Apache
[utilities.cloud.OSServer] <0> X-UA-Compatible: IE=Edge
[utilities.cloud.OSServer] <0> ETag: "dff628a8cba196a3283e7d5c2a29842b"
[utilities.cloud.OSServer] <0> Cache-Control: max-age=0, private, must-revalidate
[utilities.cloud.OSServer] <0> X-Request-Id: fd1f6215ee53449ae0fcebc8bef646f9
[utilities.cloud.OSServer] <0> X-Runtime: 0.125350
[utilities.cloud.OSServer] <0> X-Powered-By: Phusion Passenger 4.0.8
[utilities.cloud.OSServer] <0> Set-Cookie: _openstudio-server_session=BAh7BkkiD3Nlc3Npb25faWQGOgZFVEkiJWYyZGFhOTVhMTMwNDliNzU5ZjM5ZmRiYTdhNjAxNWQ2BjsAVA%3D%3D--6c7a0b06efb19a90c957f95855c406e52c94b108; path=/; HttpOnly
[utilities.cloud.OSServer] <0> Location: http://localhost:8080/data_points/6fdfb005-11fa-4667-bb6c-411c120b123e
[utilities.cloud.OSServer] <0> Status: 201 Created
[utilities.cloud.OSServer] <0> Keep-Alive: timeout=5, max=95
[utilities.cloud.OSServer] <0> Connection: Keep-Alive
[utilities.cloud.OSServer] <0> Transfer-Encoding: chunked
[utilities.cloud.OSServer] <0> Content-Type: application/json; charset=utf-8
[utilities.cloud.OSServer] <0> Reply Body
[utilities.cloud.OSServer] <0> {"_id":"6fdfb005-11fa-4667-bb6c-411c120b123e","analysis_id":"a8feca85-dab9-4510-8610-651ef847781d","analysis_uuid":"a8feca85-dab9-4510-8610-651ef847781d","complete":false,"created_at":"2013-09-07T02:51:58Z","data_point_type":"DataPoint","display_name":"Reduce Lighting Load By 50 percent Only","failed":false,"ip_address":null,"name":"Reduce Lighting Load By 50 percent Only","problem_uuid":"412b1879-f0ee-4919-ab90-6ab642fd39ee","run_type":"Local","selected":true,"updated_at":"2013-09-07T02:51:58Z","uuid":"6fdfb005-11fa-4667-bb6c-411c120b123e","values":null,"variable_values":[{"value":0,"value_type":"int","variable_value_index":0},{"value":0,"value_type":"int","variable_value_index":1},{"value":2,"value_type":"int","variable_value_index":2},{"value":0,"value_type":"int","variable_value_index":3}],"version_uuid":"6da4a714-f6bf-4f08-a072-f143c1cd4c7f"}
[utilities.cloud.OSServer] <0> processPostDataPointJSON
[utilities.cloud.OSServer] <0> Request Url
[utilities.cloud.OSServer] <0> http://localhost:8080/analyses/a8feca85-dab9-4510-8610-651ef847781d/data_points.json
[utilities.cloud.OSServer] <0> Request Header
[utilities.cloud.OSServer] <0> Content-Type: application/json
[utilities.cloud.OSServer] <0> Content-Length: 1555
[utilities.cloud.OSServer] <0> Cookie: _openstudio-server_session=BAh7BkkiD3Nlc3Npb25faWQGOgZFVEkiJWYyZGFhOTVhMTMwNDliNzU5ZjM5ZmRiYTdhNjAxNWQ2BjsAVA%3D%3D--6c7a0b06efb19a90c957f95855c406e52c94b108
[utilities.cloud.OSServer] <0> Reply Header
[utilities.cloud.OSServer] <0> Date: Sat, 07 Sep 2013 02:51:59 GMT
[utilities.cloud.OSServer] <0> Server: Apache
[utilities.cloud.OSServer] <0> X-UA-Compatible: IE=Edge
[utilities.cloud.OSServer] <0> ETag: "0fd1e6564767f7497cd8ac82142ece17"
[utilities.cloud.OSServer] <0> Cache-Control: max-age=0, private, must-revalidate
[utilities.cloud.OSServer] <0> X-Request-Id: 2df5dd6c287377fb37b3a2464b07ae5e
[utilities.cloud.OSServer] <0> X-Runtime: 0.119149
[utilities.cloud.OSServer] <0> X-Powered-By: Phusion Passenger 4.0.8
[utilities.cloud.OSServer] <0> Set-Cookie: _openstudio-server_session=BAh7BkkiD3Nlc3Npb25faWQGOgZFVEkiJWMzOTFmZDEyOTVjYThmMGM2ZjMwZTNiNjY3MjA1M2JhBjsAVA%3D%3D--22b7594cc4a09bc010e56c82a2090f9222387dcb; path=/; HttpOnly
[utilities.cloud.OSServer] <0> Location: http://localhost:8080/data_points/84b1cc33-611f-452d-a609-ee0fac371bf2
[utilities.cloud.OSServer] <0> Status: 201 Created
[utilities.cloud.OSServer] <0> Keep-Alive: timeout=5, max=94
[utilities.cloud.OSServer] <0> Connection: Keep-Alive
[utilities.cloud.OSServer] <0> Transfer-Encoding: chunked
[utilities.cloud.OSServer] <0> Content-Type: application/json; charset=utf-8
[utilities.cloud.OSServer] <0> Reply Body
[utilities.cloud.OSServer] <0> {"_id":"84b1cc33-611f-452d-a609-ee0fac371bf2","analysis_id":"a8feca85-dab9-4510-8610-651ef847781d","analysis_uuid":"a8feca85-dab9-4510-8610-651ef847781d","complete":false,"created_at":"2013-09-07T02:51:59Z","data_point_type":"DataPoint","failed":false,"ip_address":null,"name":"New Design Alternative","problem_uuid":"412b1879-f0ee-4919-ab90-6ab642fd39ee","run_type":"Local","selected":true,"updated_at":"2013-09-07T02:51:59Z","uuid":"84b1cc33-611f-452d-a609-ee0fac371bf2","values":null,"variable_values":[{"value":0,"value_type":"int","variable_value_index":0},{"value":2,"value_type":"int","variable_value_index":1},{"value":1,"value_type":"int","variable_value_index":2},{"value":0,"value_type":"int","variable_value_index":3}],"version_uuid":"9146ad3d-2a0f-4ecb-8daa-0a6d0e6129e3"}
[utilities.cloud.OSServer] <0> processPostDataPointJSON
[utilities.cloud.OSServer] <0> Request Url
[utilities.cloud.OSServer] <0> http://localhost:8080/analyses/a8feca85-dab9-4510-8610-651ef847781d/data_points.json
[utilities.cloud.OSServer] <0> Request Header
[utilities.cloud.OSServer] <0> Content-Type: application/json
[utilities.cloud.OSServer] <0> Content-Length: 1559
[utilities.cloud.OSServer] <0> Cookie: _openstudio-server_session=BAh7BkkiD3Nlc3Npb25faWQGOgZFVEkiJWMzOTFmZDEyOTVjYThmMGM2ZjMwZTNiNjY3MjA1M2JhBjsAVA%3D%3D--22b7594cc4a09bc010e56c82a2090f9222387dcb
[utilities.cloud.OSServer] <0> Reply Header
[utilities.cloud.OSServer] <0> Date: Sat, 07 Sep 2013 02:52:00 GMT
[utilities.cloud.OSServer] <0> Server: Apache
[utilities.cloud.OSServer] <0> X-UA-Compatible: IE=Edge
[utilities.cloud.OSServer] <0> ETag: "58a3812d00d879ecdf8954bda4990d85"
[utilities.cloud.OSServer] <0> Cache-Control: max-age=0, private, must-revalidate
[utilities.cloud.OSServer] <0> X-Request-Id: f00a2975944d7e4a2e9f725cfab8c06f
[utilities.cloud.OSServer] <0> X-Runtime: 0.119876
[utilities.cloud.OSServer] <0> X-Powered-By: Phusion Passenger 4.0.8
[utilities.cloud.OSServer] <0> Set-Cookie: _openstudio-server_session=BAh7BkkiD3Nlc3Npb25faWQGOgZFVEkiJWFmMTc0MzEyYWRlMWY1NGRiOWUxNGFmNzlmYWE0NjZkBjsAVA%3D%3D--d0bf7c696e1c091b4cac5cb340b6d3e43c851707; path=/; HttpOnly
[utilities.cloud.OSServer] <0> Location: http://localhost:8080/data_points/b3e02abc-e851-4b8e-b309-bd4b83137c16
[utilities.cloud.OSServer] <0> Status: 201 Created
[utilities.cloud.OSServer] <0> Keep-Alive: timeout=5, max=93
[utilities.cloud.OSServer] <0> Connection: Keep-Alive
[utilities.cloud.OSServer] <0> Transfer-Encoding: chunked
[utilities.cloud.OSServer] <0> Content-Type: application/json; charset=utf-8
[utilities.cloud.OSServer] <0> Reply Body
[utilities.cloud.OSServer] <0> {"_id":"b3e02abc-e851-4b8e-b309-bd4b83137c16","analysis_id":"a8feca85-dab9-4510-8610-651ef847781d","analysis_uuid":"a8feca85-dab9-4510-8610-651ef847781d","complete":false,"created_at":"2013-09-07T02:52:00Z","data_point_type":"DataPoint","failed":false,"ip_address":null,"name":"New Design Alternative 1","problem_uuid":"412b1879-f0ee-4919-ab90-6ab642fd39ee","run_type":"Local","selected":true,"updated_at":"2013-09-07T02:52:00Z","uuid":"b3e02abc-e851-4b8e-b309-bd4b83137c16","values":null,"variable_values":[{"value":0,"value_type":"int","variable_value_index":0},{"value":2,"value_type":"int","variable_value_index":1},{"value":2,"value_type":"int","variable_value_index":2},{"value":0,"value_type":"int","variable_value_index":3}],"version_uuid":"712e9d70-6b03-4875-9585-81f521857543"}
[utilities.cloud.OSServer] <0> processUploadAnalysisFiles
[utilities.cloud.OSServer] <0> Request Url
[utilities.cloud.OSServer] <0> http://localhost:8080/analyses/a8feca85-dab9-4510-8610-651ef847781d/upload.json
[utilities.cloud.OSServer] <0> Request Header
[utilities.cloud.OSServer] <0> Accept: */*; q=0.5, application/xml
[utilities.cloud.OSServer] <0> Accept-Encoding: gzip,deflate
[utilities.cloud.OSServer] <0> Content-Type: multipart/form-data; boundary=-------3dpj1k39xoa84u4804ee1156snfxl6
[utilities.cloud.OSServer] <0> Content-Length: 393927
[utilities.cloud.OSServer] <0> Cookie: _openstudio-server_session=BAh7BkkiD3Nlc3Npb25faWQGOgZFVEkiJWFmMTc0MzEyYWRlMWY1NGRiOWUxNGFmNzlmYWE0NjZkBjsAVA%3D%3D--d0bf7c696e1c091b4cac5cb340b6d3e43c851707
[utilities.cloud.OSServer] <0> Reply Header
[utilities.cloud.OSServer] <0> Date: Sat, 07 Sep 2013 02:52:01 GMT
[utilities.cloud.OSServer] <0> Server: Apache
[utilities.cloud.OSServer] <0> X-UA-Compatible: IE=Edge
[utilities.cloud.OSServer] <0> ETag: "84298e74fbf823ba0518d07942c5abe7"
[utilities.cloud.OSServer] <0> Cache-Control: max-age=0, private, must-revalidate
[utilities.cloud.OSServer] <0> X-Request-Id: 2328d58dd2b937b1cb9221a42c17d7aa
[utilities.cloud.OSServer] <0> X-Runtime: 0.208502
[utilities.cloud.OSServer] <0> X-Powered-By: Phusion Passenger 4.0.8
[utilities.cloud.OSServer] <0> Set-Cookie: _openstudio-server_session=BAh7BkkiD3Nlc3Npb25faWQGOgZFVEkiJTgyZmJlOTdhYmE0NGZiMWI1MjgxYTMxZjc0MGE0OWVlBjsAVA%3D%3D--5ca2aa99d5086f44a791dcf3fc2319128ecd5d1f; path=/; HttpOnly
[utilities.cloud.OSServer] <0> Location: http://localhost:8080/analyses/a8feca85-dab9-4510-8610-651ef847781d
[utilities.cloud.OSServer] <0> Status: 201 Created
[utilities.cloud.OSServer] <0> Keep-Alive: timeout=5, max=92
[utilities.cloud.OSServer] <0> Connection: Keep-Alive
[utilities.cloud.OSServer] <0> Transfer-Encoding: chunked
[utilities.cloud.OSServer] <0> Content-Type: application/json; charset=utf-8
[utilities.cloud.OSServer] <0> Reply Body
[utilities.cloud.OSServer] <0> {"_id":"a8feca85-dab9-4510-8610-651ef847781d","created_at":"2013-09-07T02:47:13Z","data_points_are_invalid":false,"description":null,"display_name":"Simple Project Analysis","name":"Simple Project Analysis","problem":{"display_name":"Simple Project Problem","name":"Simple Project Problem","problem_type":"Problem","uuid":"412b1879-f0ee-4919-ab90-6ab642fd39ee","version_uuid":"131ea56b-31ce-4c2a-9535-ed770a6c6b11","workflow":[{"display_name":"Alternative Model","measures":[{"is_selected":true,"measure_group_index":0,"measure_type":"NullMeasure","uuid":"08fc4ef2-7be3-4912-8563-9c98be487e0b","version_uuid":"01ef8439-2835-402b-bc9b-1de24cf50f52"}],"name":"Alternative Model","uuid":"ae13cbfd-1be2-4185-aff3-8903f977fbd9","version_uuid":"3381de23-2e20-4993-a27a-b9da7a00a4f8","workflow_index":0,"workflow_step_type":"MeasureGroup"},{"display_name":"Rotate Building","measures":[{"is_selected":true,"measure_group_index":0,"measure_type":"NullMeasure","uuid":"53d4e18d-33d0-479f-8d27-8247e836572c","version_uuid":"31ea0014-7311-4973-a77c-6181edc650bb"},{"arguments":[{"argument_index":0,"default_value":90.0,"display_name":"Number of Degrees to Rotate Building (positive value is clockwise)","domain_type":"Interval","name":"relative_building_rotation","required":true,"type":"Double","uuid":"8e42df38-57c4-4952-8c64-a674647b2c70","version_uuid":"4a946a09-d9ce-41b6-a9f5-70ac716814e4"}],"bcl_measure_directory":"C:/working/openstudio-server/prototype/pat/PATTest/scripts/RotateBuilding","bcl_measure_uuid":"a5be6c96-4ecc-47fa-8d32-f4216ebc2e7d","bcl_measure_version_uuid":"be6f8bd7-67bf-4fc9-92f6-883f5f6a3295","description":"Rotate your building relative to its current orientation. This will not rotate site shading objects.","display_name":"Rotate Building 90 degrees","input_file_type":"OSM","is_selected":true,"is_user_script":false,"measure_group_index":1,"measure_type":"RubyMeasure","name":"Rotate Building 90 degrees","output_file_type":"OSM","uuid":"4839a263-d0a9-4037-93e6-b5d89bf7a659","version_uuid":"bc58ea56-bf10-41c0-8b92-d3676530b83c"},{"arguments":[{"argument_index":0,"default_value":90.0,"display_name":"Number of Degrees to Rotate Building (positive value is clockwise)","domain_type":"Interval","name":"relative_building_rotation","required":true,"type":"Double","uuid":"852ea37a-092d-4078-9370-e61dcefa5892","value":180.0,"version_uuid":"5cb48665-876d-416a-90cf-f4b136cd081f"}],"bcl_measure_directory":"C:/working/openstudio-server/prototype/pat/PATTest/scripts/RotateBuilding","bcl_measure_uuid":"a5be6c96-4ecc-47fa-8d32-f4216ebc2e7d","bcl_measure_version_uuid":"be6f8bd7-67bf-4fc9-92f6-883f5f6a3295","description":"Rotate your building relative to its current orientation. This will not rotate site shading objects.","display_name":"Rotate Building 180 degrees","input_file_type":"OSM","is_selected":true,"is_user_script":false,"measure_group_index":2,"measure_type":"RubyMeasure","name":"Rotate Building 180 degrees","output_file_type":"OSM","uuid":"b7832c17-bf4f-47be-9f32-3753e6b17b58","version_uuid":"2108c21b-4b7f-410f-88c1-0db59661f89f"},{"arguments":[{"argument_index":0,"default_value":90.0,"display_name":"Number of Degrees to Rotate Building (positive value is clockwise)","domain_type":"Interval","name":"relative_building_rotation","required":true,"type":"Double","uuid":"f68f5db7-a515-4ed8-bf4c-97edd31ea03b","value":270.0,"version_uuid":"337331d7-3c51-415a-b660-00d189d0aa69"}],"bcl_measure_directory":"C:/working/openstudio-server/prototype/pat/PATTest/scripts/RotateBuilding","bcl_measure_uuid":"a5be6c96-4ecc-47fa-8d32-f4216ebc2e7d","bcl_measure_version_uuid":"be6f8bd7-67bf-4fc9-92f6-883f5f6a3295","description":"Rotate your building relative to its current orientation. This will not rotate site shading objects.","display_name":"Rotate Building 270 degrees","input_file_type":"OSM","is_selected":true,"is_user_script":false,"measure_group_index":3,"measure_type":"RubyMeasure","name":"Rotate Building 270 degrees","output_file_type":"OSM","uuid":"9327dbd3-2c36-4a0d-94a2-ffb52b3e780d","version_uuid":"722207bc-76de-4876-b303-f6775439098e"}],"name":"Rotate Building","uuid":"05505496-bba2-49fc-9f86-5633ecafe0e5","version_uuid":"3ae6ee87-2651-46fc-b59d-975ec2c16463","workflow_index":1,"workflow_step_type":"MeasureGroup"},{"display_name":"Reduce Lighting Load","measures":[{"is_selected":true,"measure_group_index":0,"measure_type":"NullMeasure","uuid":"4c974e72-786c-4aa3-a4cc-bead43276d43","version_uuid":"19b51494-6257-42dd-a825-fcad61e8db6e"},{"arguments":[{"argument_index":0,"choices":[{"choice_index":0,"display_name":"ASHRAE 189.1-2009 ClimateZone 4-8 MediumOffice","value":"{f4de87b0-5d1b-454c-9fc8-3f5a824ee533}"},{"choice_index":1,"display_name":"*Entire Building*","value":"{08678ddd-175a-469b-9626-2f02c40b6916}"}],"default_value":"{08678ddd-175a-469b-9626-2f02c40b6916}","display_name":"Apply the Measure to a Specific Space Type or to the Entire Model","domain_type":"Enumeration","name":"space_type","required":true,"type":"Choice","uuid":"09988191-1cf8-4217-a790-062901ee9759","version_uuid":"64755dd1-bffd-40a9-b403-ee43d205d00c"},{"argument_index":1,"default_value":30.0,"display_name":"Electric Equipment Power Reduction Percentage","domain_type":"Interval","name":"reduction_percent","required":true,"type":"Double","uuid":"29580d94-43b3-4881-96e4-935fa140bcf6","version_uuid":"0255c23a-4b07-4d05-a8a3-b093ef60880e"},{"argument_index":2,"default_value":150.0,"display_name":"Increase in Material and Installation Cost for Lighting per Floor Area (%).","domain_type":"Interval","name":"material_and_installation_cost","required":true,"type":"Double","uuid":"cab7d382-da06-4c27-89e2-fff8f7e72a6e","version_uuid":"3e6021f1-a1a5-4916-a345-b07b242c109f"},{"argument_index":3,"default_value":0.0,"display_name":"Increase in Demolition Costs for Lighting per Floor Area (%).","domain_type":"Interval","name":"demolition_cost","required":true,"type":"Double","uuid":"037842b8-bab0-4cd8-a04b-64a058f6b01b","version_uuid":"3e57d80e-3e75-4dfe-b5dd-505daaadca3c"},{"argument_index":4,"default_value":0,"display_name":"Years Until Costs Start (whole years).","domain_type":"Interval","name":"years_until_costs_start","required":true,"type":"Integer","uuid":"8ac455af-d9fa-48ba-a5ba-7bcff102d845","version_uuid":"0ae73332-15d6-417c-accb-04b6bff0d1fb"},{"argument_index":5,"default_value":"false","display_name":"Demolition Costs Occur During Initial Construction?","domain_type":"Enumeration","name":"initial_demo_costs","required":true,"type":"Boolean","uuid":"31091352-bbae-4ac1-b0b3-97e1445ed406","version_uuid":"83d62985-0a25-4fa7-a29d-dcfa915bd01b"},{"argument_index":6,"default_value":15,"display_name":"Expected Life (whole years)","domain_type":"Interval","name":"expected_life","required":true,"type":"Integer","uuid":"d7310c71-493c-486f-b9b7-e6eaf38f7603","version_uuid":"6297f50b-0fee-49be-9133-2155de03e0b1"},{"argument_index":7,"default_value":0.0,"display_name":"Increase O & M Costs for Lighting per Floor Area (%).","domain_type":"Interval","name":"om_cost","required":true,"type":"Double","uuid":"b7ef0571-db39-41c8-b2b6-bf511282381d","version_uuid":"01ee4d9b-aa91-434a-a967-9a00562a065b"},{"argument_index":8,"default_value":1,"display_name":"O & M Frequency (whole years).","domain_type":"Interval","name":"om_frequency","required":true,"type":"Integer","uuid":"a413b48f-7031-43a8-b4c2-0d38c7145d3b","version_uuid":"7658be79-7a01-466d-85e9-ad2b15224708"}],"bcl_measure_directory":"C:/working/openstudio-server/prototype/pat/PATTest/scripts/ReduceLightingLoadsByPercentage","bcl_measure_uuid":"d37b7ed5-887a-4d1f-b304-259462eadbe9","bcl_measure_version_uuid":"004b78a5-0d5e-4e7b-aa26-f0ce9c72e109","description":"The lighting system in this building uses more power per area than is required with the latest lighting technologies.  Replace the lighting system with a newer, more efficient lighting technology.  Newer technologies provide the same amount of light but use less energy in the process.","display_name":"Reduce Lighting Load By 30 percent","input_file_type":"OSM","is_selected":true,"is_user_script":false,"measure_group_index":1,"measure_type":"RubyMeasure","name":"Reduce Lighting Load By 30 percent","output_file_type":"OSM","uuid":"883ebc58-845f-4708-81b2-0930d9cf22e0","version_uuid":"8725b62f-967a-4c0a-a377-c5a3e68c5295"},{"arguments":[{"argument_index":0,"choices":[{"choice_index":0,"display_name":"ASHRAE 189.1-2009 ClimateZone 4-8 MediumOffice","value":"{f4de87b0-5d1b-454c-9fc8-3f5a824ee533}"},{"choice_index":1,"display_name":"*Entire Building*","value":"{08678ddd-175a-469b-9626-2f02c40b6916}"}],"default_value":"{08678ddd-175a-469b-9626-2f02c40b6916}","display_name":"Apply the Measure to a Specific Space Type or to the Entire Model","domain_type":"Enumeration","name":"space_type","required":true,"type":"Choice","uuid":"07c72605-d097-4c92-a5b4-1e999f49e20d","version_uuid":"a6722a6d-1295-4f73-a824-7a1c88aa3856"},{"argument_index":1,"default_value":30.0,"display_name":"Electric Equipment Power Reduction Percentage","domain_type":"Interval","name":"reduction_percent","required":true,"type":"Double","uuid":"a21781f1-8d34-46a2-8cf4-0fcce91663ae","version_uuid":"9c433187-96ee-4a8d-b3f4-9f2c1d66848a"},{"argument_index":2,"default_value":150.0,"display_name":"Increase in Material and Installation Cost for Lighting per Floor Area (%).","domain_type":"Interval","name":"material_and_installation_cost","required":true,"type":"Double","uuid":"d9ad0b79-b0d7-443a-b91d-28f15332c8c4","version_uuid":"91c24b45-e04a-443c-ab27-777bcebc3699"},{"argument_index":3,"default_value":0.0,"display_name":"Increase in Demolition Costs for Lighting per Floor Area (%).","domain_type":"Interval","name":"demolition_cost","required":true,"type":"Double","uuid":"460e9734-02be-4418-a5d2-b2ce0a401534","version_uuid":"bdefed2e-af4b-44c8-a085-d4dfe67ef017"},{"argument_index":4,"default_value":0,"display_name":"Years Until Costs Start (whole years).","domain_type":"Interval","name":"years_until_costs_start","required":true,"type":"Integer","uuid":"75289e65-14ba-4e5b-81ea-ed0ed4bfd7fc","version_uuid":"2010c4cf-8be3-438b-8375-134d7fc31eaa"},{"argument_index":5,"default_value":"false","display_name":"Demolition Costs Occur During Initial Construction?","domain_type":"Enumeration","name":"initial_demo_costs","required":true,"type":"Boolean","uuid":"c52b9604-398d-42e2-a931-6052ead9ce2c","version_uuid":"8828ce47-b3d5-43bd-9be2-3f83b9897ce0"},{"argument_index":6,"default_value":15,"display_name":"Expected Life (whole years)","domain_type":"Interval","name":"expected_life","required":true,"type":"Integer","uuid":"5d9db3fc-26e7-4d27-b6e8-442f01f50402","version_uuid":"5ac4c97b-3f37-4c71-aa9f-411269710405"},{"argument_index":7,"default_value":0.0,"display_name":"Increase O & M Costs for Lighting per Floor Area (%).","domain_type":"Interval","name":"om_cost","required":true,"type":"Double","uuid":"5059ecb2-c97c-4498-ac0d-266c5b85bdcc","version_uuid":"372ece8b-63ea-430a-966f-97ea3f655875"},{"argument_index":8,"default_value":1,"display_name":"O & M Frequency (whole years).","domain_type":"Interval","name":"om_frequency","required":true,"type":"Integer","uuid":"e83b59dd-fe54-4fb6-9fca-1da2bda52955","version_uuid":"dc1e0562-9bb7-494e-afe4-8081ef8f5754"}],"bcl_measure_directory":"C:/working/openstudio-server/prototype/pat/PATTest/scripts/ReduceLightingLoadsByPercentage","bcl_measure_uuid":"d37b7ed5-887a-4d1f-b304-259462eadbe9","bcl_measure_version_uuid":"004b78a5-0d5e-4e7b-aa26-f0ce9c72e109","description":"The lighting system in this building uses more power per area than is required with the latest lighting technologies.  Replace the lighting system with a newer, more efficient lighting technology.  Newer technologies provide the same amount of light but use less energy in the process.","display_name":"Reduce Lighting Load By 50 percent","input_file_type":"OSM","is_selected":true,"is_user_script":false,"measure_group_index":2,"measure_type":"RubyMeasure","name":"Reduce Lighting Load By 50 percent","output_file_type":"OSM","uuid":"3bad6d70-9cc6-4f1d-a98f-b69a59d994bf","version_uuid":"c44b1ceb-8d25-4f58-ac0f-e2a8835d99d4"}],"name":"Reduce Lighting Load","uuid":"5ba3c9b4-2f5d-4792-9ef7-569108649aa2","version_uuid":"3def5d52-5dce-40f4-a57f-a2a58f83f3c7","workflow_index":2,"workflow_step_type":"MeasureGroup"},{"params":[{"param":{"children":[{"param":{"value":""},"param_index":0}],"value":"workflowjobkey"},"param_index":0},{"param":{"children":[{"param":{"value":"9d4864298980faebecd100777216acb2"},"param_index":0}],"value":"workflowkey"},"param_index":1}],"type":"ModelToIdf","workflow_index":3,"workflow_step_type":"WorkItem"},{"params":[{"param":{"children":[{"param":{"value":""},"param_index":0}],"value":"workflowjobkey"},"param_index":0}],"type":"ExpandObjects","workflow_index":4,"workflow_step_type":"WorkItem"},{"display_name":"Xcel EDA Tariff Selection and Model Setup Group","measures":[{"arguments":[{"argument_index":0,"choices":[{"choice_index":0,"display_name":"Residential General","value":"Residential General"},{"choice_index":1,"display_name":"Commercial","value":"Commercial"},{"choice_index":2,"display_name":"Primary General","value":"Primary General"},{"choice_index":3,"display_name":"Secondary General Low Load Factor","value":"Secondary General Low Load Factor"},{"choice_index":4,"display_name":"Secondary General","value":"Secondary General"},{"choice_index":5,"display_name":"Secondary Photovoltaic Time-of-Use","value":"Secondary Photovoltaic Time-of-Use"},{"choice_index":6,"display_name":"Transmission General","value":"Transmission General"},{"choice_index":7,"display_name":"Non-Xcel Commercial","value":"Non-Xcel Commercial"},{"choice_index":8,"display_name":"Non-Xcel Primary General","value":"Non-Xcel Primary General"},{"choice_index":9,"display_name":"Non-Xcel Secondary General Low Load Factor","value":"Non-Xcel Secondary General Low Load Factor"},{"choice_index":10,"display_name":"Non-Xcel Secondary General","value":"Non-Xcel Secondary General"},{"choice_index":11,"display_name":"Non-Xcel Transmission General","value":"Non-Xcel Transmission General"}],"default_value":"Secondary General","display_name":"Select an Electricity Tariff","domain_type":"Enumeration","name":"elec_tar","required":true,"type":"Choice","uuid":"f1cc663e-6971-4f4c-b8bc-fc34752c3ad1","version_uuid":"d8058e12-b342-4992-a641-4a53f95ea3ee"},{"argument_index":1,"choices":[{"choice_index":0,"display_name":"Residential Gas","value":"Residential Gas"},{"choice_index":1,"display_name":"Small CG","value":"Small CG"},{"choice_index":2,"display_name":"Large CG","value":"Large CG"},{"choice_index":3,"display_name":"Interruptible Industrial G","value":"Interruptible Industrial G"},{"choice_index":4,"display_name":"Non-Xcel Gas Firm","value":"Non-Xcel Gas Firm"},{"choice_index":5,"display_name":"Non-Xcel Gas Interruptible","value":"Non-Xcel Gas Interruptible"}],"default_value":"Large CG","display_name":"Select a Gas Tariff","domain_type":"Enumeration","name":"gas_tar","required":true,"type":"Choice","uuid":"cdbc59cd-8699-4516-8480-a17dbc546858","version_uuid":"a92f8fde-c3bd-4adb-8929-0287478813a6"}],"bcl_measure_directory":"C:/working/openstudio-server/prototype/pat/PATTest/scripts/XcelEDATariffSelectionandModelSetup","bcl_measure_uuid":"c5ab60e9-b8e5-4653-a502-5ed030f1335d","bcl_measure_version_uuid":"4784fdcf-05e0-46da-a678-9290be9bc3ee","description":"Add the selected Xcel utility rate, as well as set the timestep and lifecycle costing parameters as required by the Xcel EDA program.","display_name":"Xcel EDA Tariff Selection and Model Setup","input_file_type":"IDF","is_selected":true,"is_user_script":false,"measure_group_index":0,"measure_type":"RubyMeasure","name":"Xcel EDA Tariff Selection and Model Setup","output_file_type":"IDF","uuid":"6dc40350-47bd-4612-baa1-4cf439d5f6d7","version_uuid":"2146c0de-509c-468b-b03d-1773f18f1b0d"}],"name":"Xcel EDA Tariff Selection and Model Setup Group","uuid":"e0fe48c7-d80b-4e5f-83a8-c1e9d69e8ce7","version_uuid":"4c1cb3d4-fbeb-435e-b4ee-88d1ebf18566","workflow_index":5,"workflow_step_type":"MeasureGroup"},{"params":[{"param":{"children":[{"param":{"value":""},"param_index":0}],"value":"workflowjobkey"},"param_index":0},{"param":{"children":[{"param":{"value":"d70bd3cbf4894eb54cf62b51bb88c560"},"param_index":0}],"value":"workflowkey"},"param_index":1}],"type":"EnergyPlusPreProcess","workflow_index":6,"workflow_step_type":"WorkItem"},{"params":[{"param":{"children":[{"param":{"value":""},"param_index":0}],"value":"workflowjobkey"},"param_index":0}],"type":"EnergyPlus","workflow_index":7,"workflow_step_type":"WorkItem"},{"params":[{"param":{"children":[{"param":{"value":""},"param_index":0}],"value":"workflowjobkey"},"param_index":0}],"type":"OpenStudioPostProcess","workflow_index":8,"workflow_step_type":"WorkItem"}]},"project_id":"020dcccc-f843-460d-850d-5fa67f739742","results_are_invalid":false,"seed":{"checksum_create":"2EDE1A05","checksum_last":"2EDE1A05","display_name":"seed","file_type":"OSM","name":"C:/working/openstudio-server/prototype/pat/PATTest/seed/seed.osm","path":"C:/working/openstudio-server/prototype/pat/PATTest/seed/seed.osm","timestamp_create":"20130716T144225","timestamp_last":"20130905T125813","uuid":"e105d3df-8259-4257-a89c-f31cd7a62e52","version_uuid":"baa64a55-f92d-4fab-bafd-00b39629b825"},"seed_zip_content_type":null,"seed_zip_file_name":null,"seed_zip_file_size":null,"seed_zip_updated_at":null,"status":null,"updated_at":"2013-09-07T02:47:13Z","uuid":"a8feca85-dab9-4510-8610-651ef847781d","version_uuid":"ada30015-5c86-4289-84ac-af42a1e124c4","weather_file":{"checksum_create":"72673005","checksum_last":"72673005","display_name":"USA_CO_Golden-NREL.724666_TMY3","file_type":"EPW","name":"C:/working/openstudio-server/prototype/pat/PATTest/seed/seed/files/USA_CO_Golden-NREL.724666_TMY3.epw","path":"C:/working/openstudio-server/prototype/pat/PATTest/seed/seed/files/USA_CO_Golden-NREL.724666_TMY3.epw","timestamp_create":"20130716T144225","timestamp_last":"20130905T125813","uuid":"9a6a9a9e-0cc6-4396-8373-d1736300a006","version_uuid":"04c74274-59a4-4eb6-a4a0-293b7aab88bc"}}
